<?xml version="1.0" encoding="UTF-8"?>
<testng-results ignored="0" total="2" passed="2" failed="0" skipped="0">
  <reporter-output>
  </reporter-output>
  <suite started-at="2022-12-26T22:07:25 CST" name="Default suite" finished-at="2022-12-26T22:07:43 CST" duration-ms="18219">
    <groups>
    </groups>
    <test started-at="2022-12-26T22:07:25 CST" name="Default test" finished-at="2022-12-26T22:07:43 CST" duration-ms="18219">
      <class name="Pageobejct.logintest">
        <test-method is-config="true" signature="setup()[pri:0, instance:Pageobejct.logintest@12468a38]" started-at="2022-12-26T22:07:25 CST" name="setup" finished-at="2022-12-26T22:07:40 CST" duration-ms="15092" status="PASS">
          <reporter-output>
          </reporter-output>
        </test-method> <!-- setup -->
        <test-method signature="testlogo()[pri:1, instance:Pageobejct.logintest@12468a38]" started-at="2022-12-26T22:07:40 CST" name="testlogo" finished-at="2022-12-26T22:07:40 CST" duration-ms="303" status="PASS">
          <reporter-output>
          </reporter-output>
        </test-method> <!-- testlogo -->
        <test-method signature="login()[pri:2, instance:Pageobejct.logintest@12468a38]" started-at="2022-12-26T22:07:40 CST" name="login" finished-at="2022-12-26T22:07:42 CST" duration-ms="1623" status="PASS">
          <reporter-output>
          </reporter-output>
        </test-method> <!-- login -->
        <test-method is-config="true" signature="tear()[pri:0, instance:Pageobejct.logintest@12468a38]" started-at="2022-12-26T22:07:42 CST" name="tear" finished-at="2022-12-26T22:07:43 CST" duration-ms="1134" status="PASS">
          <reporter-output>
          </reporter-output>
        </test-method> <!-- tear -->
      </class> <!-- Pageobejct.logintest -->
    </test> <!-- Default test -->
  </suite> <!-- Default suite -->
</testng-results>
