<?xml version="1.0" encoding="UTF-8"?>
<!-- Generated by org.testng.reporters.JUnitXMLReporter -->
<testsuite ignored="6" hostname="Dell" failures="0" tests="3" name="my" time="0.086" errors="0" timestamp="2022-12-24T10:28:30 CST">
  <testcase classname="Grouping.Grouping" name="signupbyfacebook" time="0.018"/>
  <testcase classname="Grouping.Grouping" name="signupbytwitter" time="0.002"/>
  <testcase classname="Grouping.Grouping" name="paymentReturnbyBank" time="0.003"/>
  <testcase classname="Grouping.Grouping" name="signupbyemail" time="0.0">
    <ignored/>
  </testcase> <!-- signupbyemail -->
  <testcase classname="Grouping.Grouping" name="loginBytwitter" time="0.0">
    <ignored/>
  </testcase> <!-- loginBytwitter -->
  <testcase classname="Grouping.Grouping" name="paymentinrupees" time="0.0">
    <ignored/>
  </testcase> <!-- paymentinrupees -->
  <testcase classname="Grouping.Grouping" name="loginByEmail" time="0.0">
    <ignored/>
  </testcase> <!-- loginByEmail -->
  <testcase classname="Grouping.Grouping" name="loginByfacebook" time="0.0">
    <ignored/>
  </testcase> <!-- loginByfacebook -->
  <testcase classname="Grouping.Grouping" name="paymentindollar" time="0.0">
    <ignored/>
  </testcase> <!-- paymentindollar -->
</testsuite> <!-- my -->
