<?xml version="1.0" encoding="UTF-8"?>
<!-- Generated by org.testng.reporters.JUnitXMLReporter -->
<testsuite ignored="0" hostname="Dell" failures="0" tests="6" name="fgh" time="3.815" errors="0" timestamp="2022-12-23T18:50:57 CST">
  <testcase classname="TestNg.FirstTest" name="openapp" time="0.026"/>
  <testcase classname="TestNg.FirstTest" name="login" time="0.003"/>
  <testcase classname="TestNg.FirstTest" name="close" time="0.004"/>
  <testcase classname="TestNg.SecondTest" name="openapp" time="2.969"/>
  <testcase classname="TestNg.SecondTest" name="loginapp" time="0.651"/>
  <testcase classname="TestNg.SecondTest" name="close" time="0.072"/>
</testsuite> <!-- fgh -->
